Determining if the pthread_create exist failed with the following output:
Change Dir: /home/mfikih15/gazebo_simulation/build/CMakeFiles/CMakeTmp

Run Build Command:"/usr/bin/make" "cmTC_9f77e/fast"
/usr/bin/make -f CMakeFiles/cmTC_9f77e.dir/build.make CMakeFiles/cmTC_9f77e.dir/build
make[1]: Entering directory '/home/mfikih15/gazebo_simulation/build/CMakeFiles/CMakeTmp'
Building C object CMakeFiles/cmTC_9f77e.dir/CheckSymbolExists.c.o
/usr/bin/cc    -o CMakeFiles/cmTC_9f77e.dir/CheckSymbolExists.c.o   -c /home/mfikih15/gazebo_simulation/build/CMakeFiles/CMakeTmp/CheckSymbolExists.c
Linking C executable cmTC_9f77e
/usr/bin/cmake -E cmake_link_script CMakeFiles/cmTC_9f77e.dir/link.txt --verbose=1
/usr/bin/cc      -rdynamic CMakeFiles/cmTC_9f77e.dir/CheckSymbolExists.c.o  -o cmTC_9f77e 
CMakeFiles/cmTC_9f77e.dir/CheckSymbolExists.c.o: In function `main':
CheckSymbolExists.c:(.text+0x1b): undefined reference to `pthread_create'
collect2: error: ld returned 1 exit status
CMakeFiles/cmTC_9f77e.dir/build.make:97: recipe for target 'cmTC_9f77e' failed
make[1]: *** [cmTC_9f77e] Error 1
make[1]: Leaving directory '/home/mfikih15/gazebo_simulation/build/CMakeFiles/CMakeTmp'
Makefile:126: recipe for target 'cmTC_9f77e/fast' failed
make: *** [cmTC_9f77e/fast] Error 2

File /home/mfikih15/gazebo_simulation/build/CMakeFiles/CMakeTmp/CheckSymbolExists.c:
/* */
#include <pthread.h>

int main(int argc, char** argv)
{
  (void)argv;
#ifndef pthread_create
  return ((int*)(&pthread_create))[argc];
#else
  (void)argc;
  return 0;
#endif
}

Determining if the function pthread_create exists in the pthreads failed with the following output:
Change Dir: /home/mfikih15/gazebo_simulation/build/CMakeFiles/CMakeTmp

Run Build Command:"/usr/bin/make" "cmTC_396f8/fast"
/usr/bin/make -f CMakeFiles/cmTC_396f8.dir/build.make CMakeFiles/cmTC_396f8.dir/build
make[1]: Entering directory '/home/mfikih15/gazebo_simulation/build/CMakeFiles/CMakeTmp'
Building C object CMakeFiles/cmTC_396f8.dir/CheckFunctionExists.c.o
/usr/bin/cc   -DCHECK_FUNCTION_EXISTS=pthread_create   -o CMakeFiles/cmTC_396f8.dir/CheckFunctionExists.c.o   -c /usr/share/cmake-3.10/Modules/CheckFunctionExists.c
Linking C executable cmTC_396f8
/usr/bin/cmake -E cmake_link_script CMakeFiles/cmTC_396f8.dir/link.txt --verbose=1
/usr/bin/cc  -DCHECK_FUNCTION_EXISTS=pthread_create    -rdynamic CMakeFiles/cmTC_396f8.dir/CheckFunctionExists.c.o  -o cmTC_396f8 -lpthreads 
/usr/bin/ld: cannot find -lpthreads
collect2: error: ld returned 1 exit status
CMakeFiles/cmTC_396f8.dir/build.make:97: recipe for target 'cmTC_396f8' failed
make[1]: *** [cmTC_396f8] Error 1
make[1]: Leaving directory '/home/mfikih15/gazebo_simulation/build/CMakeFiles/CMakeTmp'
Makefile:126: recipe for target 'cmTC_396f8/fast' failed
make: *** [cmTC_396f8/fast] Error 2


